0 info it worked if it ends with ok
1 verbose cli [ 'C:\\Program Files\\nodejs\\node.exe',
1 verbose cli   'C:\\Program Files\\nodejs\\node_modules\\npm\\bin\\npm-cli.js',
1 verbose cli   'install',
1 verbose cli   'style-loader',
1 verbose cli   'css-loader',
1 verbose cli   '--save-dev' ]
2 info using npm@2.14.12
3 info using node@v4.3.1
4 verbose install initial load of E:\www\form-ui\package.json
5 verbose installManyTop reading scoped package data from E:\www\form-ui\node_modules\babel-core\package.json
6 verbose installManyTop reading scoped package data from E:\www\form-ui\node_modules\babel-loader\package.json
7 verbose installManyTop reading scoped package data from E:\www\form-ui\node_modules\babel-preset-es2015\package.json
8 verbose installManyTop reading scoped package data from E:\www\form-ui\node_modules\babel-preset-react\package.json
9 verbose installManyTop reading scoped package data from E:\www\form-ui\node_modules\extract-text-webpack-plugin\package.json
10 verbose installManyTop reading scoped package data from E:\www\form-ui\node_modules\gulp\package.json
11 verbose installManyTop reading scoped package data from E:\www\form-ui\node_modules\gulp-clean\package.json
12 verbose installManyTop reading scoped package data from E:\www\form-ui\node_modules\react\package.json
13 verbose installManyTop reading scoped package data from E:\www\form-ui\node_modules\react-dom\package.json
14 verbose installManyTop reading scoped package data from E:\www\form-ui\node_modules\webpack\package.json
15 verbose readDependencies loading dependencies from E:\www\form-ui\package.json
16 silly cache add args [ 'style-loader', null ]
17 verbose cache add spec style-loader
18 silly cache add args [ 'css-loader', null ]
19 verbose cache add spec css-loader
20 silly cache add parsed spec Result {
20 silly cache add   raw: 'style-loader',
20 silly cache add   scope: null,
20 silly cache add   name: 'style-loader',
20 silly cache add   rawSpec: '',
20 silly cache add   spec: 'latest',
20 silly cache add   type: 'tag' }
21 silly addNamed style-loader@latest
22 verbose addNamed "latest" is being treated as a dist-tag for style-loader
23 info addNameTag [ 'style-loader', 'latest' ]
24 silly mapToRegistry name style-loader
25 silly mapToRegistry using default registry
26 silly mapToRegistry registry https://registry.npmjs.org/
27 silly mapToRegistry uri https://registry.npmjs.org/style-loader
28 verbose addNameTag registry:https://registry.npmjs.org/style-loader not in flight; fetching
29 silly cache add parsed spec Result {
29 silly cache add   raw: 'css-loader',
29 silly cache add   scope: null,
29 silly cache add   name: 'css-loader',
29 silly cache add   rawSpec: '',
29 silly cache add   spec: 'latest',
29 silly cache add   type: 'tag' }
30 silly addNamed css-loader@latest
31 verbose addNamed "latest" is being treated as a dist-tag for css-loader
32 info addNameTag [ 'css-loader', 'latest' ]
33 silly mapToRegistry name css-loader
34 silly mapToRegistry using default registry
35 silly mapToRegistry registry https://registry.npmjs.org/
36 silly mapToRegistry uri https://registry.npmjs.org/css-loader
37 verbose addNameTag registry:https://registry.npmjs.org/css-loader not in flight; fetching
38 verbose request uri https://registry.npmjs.org/style-loader
39 verbose request no auth needed
40 info attempt registry request try #1 at 22:30:38
41 verbose request id 3c09489351a36a59
42 verbose etag "7BJBMBSBV57IZMV9L9J3WVQF3"
43 http request GET https://registry.npmjs.org/style-loader
44 verbose request uri https://registry.npmjs.org/css-loader
45 verbose request no auth needed
46 info attempt registry request try #1 at 22:30:38
47 verbose etag "5JH3MLVAIW425I91EF0F7720P"
48 http request GET https://registry.npmjs.org/css-loader
49 http 304 https://registry.npmjs.org/css-loader
50 verbose headers { date: 'Sun, 16 Oct 2016 14:30:55 GMT',
50 verbose headers   via: '1.1 varnish',
50 verbose headers   'cache-control': 'max-age=300',
50 verbose headers   etag: '"5JH3MLVAIW425I91EF0F7720P"',
50 verbose headers   age: '193',
50 verbose headers   connection: 'keep-alive',
50 verbose headers   'x-served-by': 'cache-lcy1122-LCY',
50 verbose headers   'x-cache': 'HIT',
50 verbose headers   'x-cache-hits': '1',
50 verbose headers   'x-timer': 'S1476628255.271440,VS0,VE0',
50 verbose headers   vary: 'Accept-Encoding' }
51 silly get cb [ 304,
51 silly get   { date: 'Sun, 16 Oct 2016 14:30:55 GMT',
51 silly get     via: '1.1 varnish',
51 silly get     'cache-control': 'max-age=300',
51 silly get     etag: '"5JH3MLVAIW425I91EF0F7720P"',
51 silly get     age: '193',
51 silly get     connection: 'keep-alive',
51 silly get     'x-served-by': 'cache-lcy1122-LCY',
51 silly get     'x-cache': 'HIT',
51 silly get     'x-cache-hits': '1',
51 silly get     'x-timer': 'S1476628255.271440,VS0,VE0',
51 silly get     vary: 'Accept-Encoding' } ]
52 verbose etag https://registry.npmjs.org/css-loader from cache
53 verbose get saving css-loader to C:\Users\Administrator\AppData\Roaming\npm-cache\registry.npmjs.org\css-loader\.cache.json
54 silly addNameTag next cb for css-loader with tag latest
55 silly addNamed css-loader@0.25.0
56 verbose addNamed "0.25.0" is a plain semver version for css-loader
57 silly mapToRegistry name css-loader
58 silly mapToRegistry using default registry
59 silly mapToRegistry registry https://registry.npmjs.org/
60 silly mapToRegistry uri https://registry.npmjs.org/css-loader
61 verbose addRemoteTarball https://registry.npmjs.org/css-loader/-/css-loader-0.25.0.tgz not in flight; adding
62 verbose addRemoteTarball [ 'https://registry.npmjs.org/css-loader/-/css-loader-0.25.0.tgz',
62 verbose addRemoteTarball   'c3febc8ce28f4c83576b6b13707f47f90c390223' ]
63 info retry fetch attempt 1 at 22:30:56
64 info attempt registry request try #1 at 22:30:56
65 http fetch GET https://registry.npmjs.org/css-loader/-/css-loader-0.25.0.tgz
66 info retry will retry, error on last attempt: Error: connect ETIMEDOUT 151.101.16.162:443
67 info attempt registry request try #2 at 22:31:10
68 verbose etag "7BJBMBSBV57IZMV9L9J3WVQF3"
69 http request GET https://registry.npmjs.org/style-loader
70 info retry will retry, error on last attempt: Error: connect ETIMEDOUT 151.101.16.162:443
71 info attempt registry request try #2 at 22:31:27
72 http fetch GET https://registry.npmjs.org/css-loader/-/css-loader-0.25.0.tgz
73 http 304 https://registry.npmjs.org/style-loader
74 verbose headers { date: 'Sun, 16 Oct 2016 14:31:34 GMT',
74 verbose headers   via: '1.1 varnish',
74 verbose headers   'cache-control': 'max-age=300',
74 verbose headers   etag: '"7BJBMBSBV57IZMV9L9J3WVQF3"',
74 verbose headers   age: '115',
74 verbose headers   connection: 'keep-alive',
74 verbose headers   'x-served-by': 'cache-lcy1135-LCY',
74 verbose headers   'x-cache': 'HIT',
74 verbose headers   'x-cache-hits': '33',
74 verbose headers   'x-timer': 'S1476628294.190013,VS0,VE0',
74 verbose headers   vary: 'Accept-Encoding' }
75 silly get cb [ 304,
75 silly get   { date: 'Sun, 16 Oct 2016 14:31:34 GMT',
75 silly get     via: '1.1 varnish',
75 silly get     'cache-control': 'max-age=300',
75 silly get     etag: '"7BJBMBSBV57IZMV9L9J3WVQF3"',
75 silly get     age: '115',
75 silly get     connection: 'keep-alive',
75 silly get     'x-served-by': 'cache-lcy1135-LCY',
75 silly get     'x-cache': 'HIT',
75 silly get     'x-cache-hits': '33',
75 silly get     'x-timer': 'S1476628294.190013,VS0,VE0',
75 silly get     vary: 'Accept-Encoding' } ]
76 verbose etag https://registry.npmjs.org/style-loader from cache
77 verbose get saving style-loader to C:\Users\Administrator\AppData\Roaming\npm-cache\registry.npmjs.org\style-loader\.cache.json
78 silly addNameTag next cb for style-loader with tag latest
79 silly addNamed style-loader@0.13.1
80 verbose addNamed "0.13.1" is a plain semver version for style-loader
81 silly cache afterAdd style-loader@0.13.1
82 verbose afterAdd C:\Users\Administrator\AppData\Roaming\npm-cache\style-loader\0.13.1\package\package.json not in flight; writing
83 verbose afterAdd C:\Users\Administrator\AppData\Roaming\npm-cache\style-loader\0.13.1\package\package.json written
84 info retry will retry, error on last attempt: Error: connect ETIMEDOUT 151.101.16.162:443
85 info attempt registry request try #3 at 22:32:48
86 http fetch GET https://registry.npmjs.org/css-loader/-/css-loader-0.25.0.tgz
87 http fetch 200 https://registry.npmjs.org/css-loader/-/css-loader-0.25.0.tgz
88 silly fetchAndShaCheck shasum c3febc8ce28f4c83576b6b13707f47f90c390223
89 verbose addTmpTarball C:\Users\ADMINI~1\AppData\Local\Temp\npm-948-b33d49ef\registry.npmjs.org\css-loader\-\css-loader-0.25.0.tgz not in flight; adding
90 verbose addTmpTarball already have metadata; skipping unpack for css-loader@0.25.0
91 silly cache afterAdd css-loader@0.25.0
92 verbose afterAdd C:\Users\Administrator\AppData\Roaming\npm-cache\css-loader\0.25.0\package\package.json not in flight; writing
93 verbose afterAdd C:\Users\Administrator\AppData\Roaming\npm-cache\css-loader\0.25.0\package\package.json written
94 silly install resolved [ { name: 'style-loader',
94 silly install resolved     version: '0.13.1',
94 silly install resolved     author: { name: 'Tobias Koppers @sokra' },
94 silly install resolved     description: 'style loader module for webpack',
94 silly install resolved     devDependencies: { 'css-loader': '~0.8.0' },
94 silly install resolved     repository:
94 silly install resolved      { type: 'git',
94 silly install resolved        url: 'git+ssh://git@github.com/webpack/style-loader.git' },
94 silly install resolved     license: 'MIT',
94 silly install resolved     dependencies: { 'loader-utils': '^0.2.7' },
94 silly install resolved     gitHead: 'bba5bdb192b3d0cb487e2043a011562c6801f2c8',
94 silly install resolved     bugs: { url: 'https://github.com/webpack/style-loader/issues' },
94 silly install resolved     homepage: 'https://github.com/webpack/style-loader#readme',
94 silly install resolved     _id: 'style-loader@0.13.1',
94 silly install resolved     scripts: {},
94 silly install resolved     _shasum: '468280efbc0473023cd3a6cd56e33b5a1d7fc3a9',
94 silly install resolved     _from: 'style-loader@latest',
94 silly install resolved     _npmVersion: '3.3.3',
94 silly install resolved     _nodeVersion: '5.4.1',
94 silly install resolved     _npmUser: { name: 'sokra', email: 'tobias.koppers@googlemail.com' },
94 silly install resolved     dist:
94 silly install resolved      { shasum: '468280efbc0473023cd3a6cd56e33b5a1d7fc3a9',
94 silly install resolved        tarball: 'https://registry.npmjs.org/style-loader/-/style-loader-0.13.1.tgz' },
94 silly install resolved     maintainers: [ [Object] ],
94 silly install resolved     _npmOperationalInternal:
94 silly install resolved      { host: 'packages-12-west.internal.npmjs.com',
94 silly install resolved        tmp: 'tmp/style-loader-0.13.1.tgz_1458847789435_0.8123822319321334' },
94 silly install resolved     directories: {},
94 silly install resolved     _resolved: 'https://registry.npmjs.org/style-loader/-/style-loader-0.13.1.tgz',
94 silly install resolved     readme: 'ERROR: No README data found!' },
94 silly install resolved   { name: 'css-loader',
94 silly install resolved     version: '0.25.0',
94 silly install resolved     author: { name: 'Tobias Koppers @sokra' },
94 silly install resolved     description: 'css loader module for webpack',
94 silly install resolved     engines: { node: '>=0.12.0' },
94 silly install resolved     dependencies:
94 silly install resolved      { 'babel-code-frame': '^6.11.0',
94 silly install resolved        'css-selector-tokenizer': '^0.6.0',
94 silly install resolved        cssnano: '>=2.6.1 <4',
94 silly install resolved        'loader-utils': '~0.2.2',
94 silly install resolved        'lodash.camelcase': '^3.0.1',
94 silly install resolved        'object-assign': '^4.0.1',
94 silly install resolved        postcss: '^5.0.6',
94 silly install resolved        'postcss-modules-extract-imports': '^1.0.0',
94 silly install resolved        'postcss-modules-local-by-default': '^1.0.1',
94 silly install resolved        'postcss-modules-scope': '^1.0.0',
94 silly install resolved        'postcss-modules-values': '^1.1.0',
94 silly install resolved        'source-list-map': '^0.1.4' },
94 silly install resolved     devDependencies:
94 silly install resolved      { 'codecov.io': '^0.1.2',
94 silly install resolved        coveralls: '^2.11.2',
94 silly install resolved        istanbul: '^0.3.13',
94 silly install resolved        mocha: '^2.2.4',
94 silly install resolved        should: '^7.0.1' },
94 silly install resolved     scripts:
94 silly install resolved      { test: 'mocha',
94 silly install resolved        travis: 'npm run cover -- --report lcovonly',
94 silly install resolved        cover: 'istanbul cover node_modules/mocha/bin/_mocha',
94 silly install resolved        'publish-patch': 'mocha && npm version patch && git push && git push --tags && npm publish' },
94 silly install resolved     repository:
94 silly install resolved      { type: 'git',
94 silly install resolved        url: 'git+ssh://git@github.com/webpack/css-loader.git' },
94 silly install resolved     license: 'MIT',
94 silly install resolved     gitHead: '22f6621a175e858bb604f5ea19f9860982305f16',
94 silly install resolved     bugs: { url: 'https://github.com/webpack/css-loader/issues' },
94 silly install resolved     homepage: 'https://github.com/webpack/css-loader#readme',
94 silly install resolved     _id: 'css-loader@0.25.0',
94 silly install resolved     _shasum: 'c3febc8ce28f4c83576b6b13707f47f90c390223',
94 silly install resolved     _from: 'css-loader@latest',
94 silly install resolved     _npmVersion: '3.8.3',
94 silly install resolved     _nodeVersion: '5.10.1',
94 silly install resolved     _npmUser: { name: 'sokra', email: 'tobias.koppers@googlemail.com' },
94 silly install resolved     dist:
94 silly install resolved      { shasum: 'c3febc8ce28f4c83576b6b13707f47f90c390223',
94 silly install resolved        tarball: 'https://registry.npmjs.org/css-loader/-/css-loader-0.25.0.tgz' },
94 silly install resolved     maintainers: [ [Object], [Object] ],
94 silly install resolved     _npmOperationalInternal:
94 silly install resolved      { host: 'packages-12-west.internal.npmjs.com',
94 silly install resolved        tmp: 'tmp/css-loader-0.25.0.tgz_1473090923812_0.8617390526924282' },
94 silly install resolved     directories: {},
94 silly install resolved     _resolved: 'https://registry.npmjs.org/css-loader/-/css-loader-0.25.0.tgz' } ]
95 info install style-loader@0.13.1 into E:\www\form-ui
96 info install css-loader@0.25.0 into E:\www\form-ui
97 info installOne style-loader@0.13.1
98 verbose installOne of style-loader to E:\www\form-ui not in flight; installing
99 info installOne css-loader@0.25.0
100 verbose installOne of css-loader to E:\www\form-ui not in flight; installing
101 verbose lock using C:\Users\Administrator\AppData\Roaming\npm-cache\_locks\style-loader-39f09163337e7920.lock for E:\www\form-ui\node_modules\style-loader
102 verbose lock using C:\Users\Administrator\AppData\Roaming\npm-cache\_locks\css-loader-e8830b4a44214e82.lock for E:\www\form-ui\node_modules\css-loader
103 silly install write writing style-loader 0.13.1 to E:\www\form-ui\node_modules\style-loader
104 silly install write writing css-loader 0.25.0 to E:\www\form-ui\node_modules\css-loader
105 verbose unbuild node_modules\style-loader
106 verbose unbuild node_modules\css-loader
107 silly gentlyRm E:\www\form-ui\node_modules\style-loader is being purged from base E:\www\form-ui
108 verbose gentlyRm don't care about contents; nuking E:\www\form-ui\node_modules\style-loader
109 silly gentlyRm E:\www\form-ui\node_modules\css-loader is being purged from base E:\www\form-ui
110 verbose gentlyRm don't care about contents; nuking E:\www\form-ui\node_modules\css-loader
111 verbose tar unpack C:\Users\Administrator\AppData\Roaming\npm-cache\style-loader\0.13.1\package.tgz
112 verbose tar unpacking to E:\www\form-ui\node_modules\style-loader
113 silly gentlyRm E:\www\form-ui\node_modules\style-loader is being purged
114 verbose gentlyRm don't care about contents; nuking E:\www\form-ui\node_modules\style-loader
115 verbose tar unpack C:\Users\Administrator\AppData\Roaming\npm-cache\css-loader\0.25.0\package.tgz
116 verbose tar unpacking to E:\www\form-ui\node_modules\css-loader
117 silly gentlyRm E:\www\form-ui\node_modules\css-loader is being purged
118 verbose gentlyRm don't care about contents; nuking E:\www\form-ui\node_modules\css-loader
119 silly gunzTarPerm modes [ '777', '666' ]
120 silly gunzTarPerm modes [ '777', '666' ]
121 silly gunzTarPerm extractEntry package.json
122 silly gunzTarPerm extractEntry package.json
123 silly gunzTarPerm extractEntry .npmignore
124 silly gunzTarPerm extractEntry README.md
125 silly gunzTarPerm extractEntry .npmignore
126 silly gunzTarPerm extractEntry README.md
127 silly gunzTarPerm extractEntry index.js
128 silly gunzTarPerm extractEntry locals.js
129 silly gunzTarPerm extractEntry addStyleUrl.js
130 silly gunzTarPerm extractEntry addStyles.js
131 silly gunzTarPerm extractEntry .eslintrc
132 silly gunzTarPerm extractEntry .travis.yml
133 silly gunzTarPerm extractEntry index.js
134 silly gunzTarPerm extractEntry url.js
135 silly gunzTarPerm extractEntry useable.js
136 silly gunzTarPerm extractEntry lib/compile-exports.js
137 silly gunzTarPerm extractEntry lib/css-base.js
138 silly gunzTarPerm extractEntry lib/getImportPrefix.js
139 silly gunzTarPerm extractEntry lib/getLocalIdent.js
140 silly gunzTarPerm extractEntry lib/loader.js
141 silly gunzTarPerm extractEntry lib/localsLoader.js
142 silly gunzTarPerm extractEntry lib/processCss.js
143 verbose write writing to E:\www\form-ui\node_modules\style-loader\package.json
144 info preinstall style-loader@0.13.1
145 verbose readDependencies loading dependencies from E:\www\form-ui\node_modules\style-loader\package.json
146 silly prepareForInstallMany adding loader-utils@^0.2.7 from style-loader dependencies
147 verbose readDependencies loading dependencies from E:\www\form-ui\node_modules\style-loader\package.json
148 silly cache add args [ 'loader-utils@^0.2.7', null ]
149 verbose cache add spec loader-utils@^0.2.7
150 silly cache add parsed spec Result {
150 silly cache add   raw: 'loader-utils@^0.2.7',
150 silly cache add   scope: null,
150 silly cache add   name: 'loader-utils',
150 silly cache add   rawSpec: '^0.2.7',
150 silly cache add   spec: '>=0.2.7 <0.3.0',
150 silly cache add   type: 'range' }
151 silly addNamed loader-utils@>=0.2.7 <0.3.0
152 verbose addNamed ">=0.2.7 <0.3.0" is a valid semver range for loader-utils
153 silly addNameRange { name: 'loader-utils', range: '>=0.2.7 <0.3.0', hasData: false }
154 silly mapToRegistry name loader-utils
155 silly mapToRegistry using default registry
156 silly mapToRegistry registry https://registry.npmjs.org/
157 silly mapToRegistry uri https://registry.npmjs.org/loader-utils
158 verbose addNameRange registry:https://registry.npmjs.org/loader-utils not in flight; fetching
159 verbose request uri https://registry.npmjs.org/loader-utils
160 verbose request no auth needed
161 info attempt registry request try #1 at 22:33:09
162 verbose etag "2WXFLHDRLDC7J6YN92QPHJP6K"
163 http request GET https://registry.npmjs.org/loader-utils
164 verbose write writing to E:\www\form-ui\node_modules\css-loader\package.json
165 info preinstall css-loader@0.25.0
166 verbose readDependencies loading dependencies from E:\www\form-ui\node_modules\css-loader\package.json
167 silly prepareForInstallMany adding babel-code-frame@^6.11.0 from css-loader dependencies
168 silly prepareForInstallMany adding css-selector-tokenizer@^0.6.0 from css-loader dependencies
169 silly prepareForInstallMany adding cssnano@>=2.6.1 <4 from css-loader dependencies
170 silly prepareForInstallMany adding loader-utils@~0.2.2 from css-loader dependencies
171 silly prepareForInstallMany adding lodash.camelcase@^3.0.1 from css-loader dependencies
172 silly prepareForInstallMany adding object-assign@^4.0.1 from css-loader dependencies
173 silly prepareForInstallMany adding postcss@^5.0.6 from css-loader dependencies
174 silly prepareForInstallMany adding postcss-modules-extract-imports@^1.0.0 from css-loader dependencies
175 silly prepareForInstallMany adding postcss-modules-local-by-default@^1.0.1 from css-loader dependencies
176 silly prepareForInstallMany adding postcss-modules-scope@^1.0.0 from css-loader dependencies
177 silly prepareForInstallMany adding postcss-modules-values@^1.1.0 from css-loader dependencies
178 silly prepareForInstallMany adding source-list-map@^0.1.4 from css-loader dependencies
179 verbose readDependencies loading dependencies from E:\www\form-ui\node_modules\css-loader\package.json
180 silly cache add args [ 'babel-code-frame@^6.11.0', null ]
181 verbose cache add spec babel-code-frame@^6.11.0
182 silly cache add args [ 'css-selector-tokenizer@^0.6.0', null ]
183 verbose cache add spec css-selector-tokenizer@^0.6.0
184 silly cache add parsed spec Result {
184 silly cache add   raw: 'babel-code-frame@^6.11.0',
184 silly cache add   scope: null,
184 silly cache add   name: 'babel-code-frame',
184 silly cache add   rawSpec: '^6.11.0',
184 silly cache add   spec: '>=6.11.0 <7.0.0',
184 silly cache add   type: 'range' }
185 silly addNamed babel-code-frame@>=6.11.0 <7.0.0
186 verbose addNamed ">=6.11.0 <7.0.0" is a valid semver range for babel-code-frame
187 silly addNameRange { name: 'babel-code-frame',
187 silly addNameRange   range: '>=6.11.0 <7.0.0',
187 silly addNameRange   hasData: false }
188 silly mapToRegistry name babel-code-frame
189 silly mapToRegistry using default registry
190 silly mapToRegistry registry https://registry.npmjs.org/
191 silly mapToRegistry uri https://registry.npmjs.org/babel-code-frame
192 verbose addNameRange registry:https://registry.npmjs.org/babel-code-frame not in flight; fetching
193 silly cache add parsed spec Result {
193 silly cache add   raw: 'css-selector-tokenizer@^0.6.0',
193 silly cache add   scope: null,
193 silly cache add   name: 'css-selector-tokenizer',
193 silly cache add   rawSpec: '^0.6.0',
193 silly cache add   spec: '>=0.6.0 <0.7.0',
193 silly cache add   type: 'range' }
194 silly addNamed css-selector-tokenizer@>=0.6.0 <0.7.0
195 verbose addNamed ">=0.6.0 <0.7.0" is a valid semver range for css-selector-tokenizer
196 silly addNameRange { name: 'css-selector-tokenizer',
196 silly addNameRange   range: '>=0.6.0 <0.7.0',
196 silly addNameRange   hasData: false }
197 silly mapToRegistry name css-selector-tokenizer
198 silly mapToRegistry using default registry
199 silly mapToRegistry registry https://registry.npmjs.org/
200 silly mapToRegistry uri https://registry.npmjs.org/css-selector-tokenizer
201 verbose addNameRange registry:https://registry.npmjs.org/css-selector-tokenizer not in flight; fetching
202 silly cache add args [ 'cssnano@>=2.6.1 <4', null ]
203 verbose cache add spec cssnano@>=2.6.1 <4
204 silly cache add parsed spec Result {
204 silly cache add   raw: 'cssnano@>=2.6.1 <4',
204 silly cache add   scope: null,
204 silly cache add   name: 'cssnano',
204 silly cache add   rawSpec: '>=2.6.1 <4',
204 silly cache add   spec: '>=2.6.1 <4.0.0',
204 silly cache add   type: 'range' }
205 silly addNamed cssnano@>=2.6.1 <4.0.0
206 verbose addNamed ">=2.6.1 <4.0.0" is a valid semver range for cssnano
207 silly addNameRange { name: 'cssnano', range: '>=2.6.1 <4.0.0', hasData: false }
208 silly mapToRegistry name cssnano
209 silly mapToRegistry using default registry
210 silly mapToRegistry registry https://registry.npmjs.org/
211 silly mapToRegistry uri https://registry.npmjs.org/cssnano
212 verbose addNameRange registry:https://registry.npmjs.org/cssnano not in flight; fetching
213 silly cache add args [ 'loader-utils@~0.2.2', null ]
214 verbose cache add spec loader-utils@~0.2.2
215 silly cache add parsed spec Result {
215 silly cache add   raw: 'loader-utils@~0.2.2',
215 silly cache add   scope: null,
215 silly cache add   name: 'loader-utils',
215 silly cache add   rawSpec: '~0.2.2',
215 silly cache add   spec: '>=0.2.2 <0.3.0',
215 silly cache add   type: 'range' }
216 silly addNamed loader-utils@>=0.2.2 <0.3.0
217 verbose addNamed ">=0.2.2 <0.3.0" is a valid semver range for loader-utils
218 silly addNameRange { name: 'loader-utils', range: '>=0.2.2 <0.3.0', hasData: false }
219 silly mapToRegistry name loader-utils
220 silly mapToRegistry using default registry
221 silly mapToRegistry registry https://registry.npmjs.org/
222 silly mapToRegistry uri https://registry.npmjs.org/loader-utils
223 verbose addNameRange registry:https://registry.npmjs.org/loader-utils already in flight; waiting
224 silly cache add args [ 'lodash.camelcase@^3.0.1', null ]
225 verbose cache add spec lodash.camelcase@^3.0.1
226 silly cache add parsed spec Result {
226 silly cache add   raw: 'lodash.camelcase@^3.0.1',
226 silly cache add   scope: null,
226 silly cache add   name: 'lodash.camelcase',
226 silly cache add   rawSpec: '^3.0.1',
226 silly cache add   spec: '>=3.0.1 <4.0.0',
226 silly cache add   type: 'range' }
227 silly addNamed lodash.camelcase@>=3.0.1 <4.0.0
228 verbose addNamed ">=3.0.1 <4.0.0" is a valid semver range for lodash.camelcase
229 silly addNameRange { name: 'lodash.camelcase',
229 silly addNameRange   range: '>=3.0.1 <4.0.0',
229 silly addNameRange   hasData: false }
230 silly mapToRegistry name lodash.camelcase
231 silly mapToRegistry using default registry
232 silly mapToRegistry registry https://registry.npmjs.org/
233 silly mapToRegistry uri https://registry.npmjs.org/lodash.camelcase
234 verbose addNameRange registry:https://registry.npmjs.org/lodash.camelcase not in flight; fetching
235 silly cache add args [ 'object-assign@^4.0.1', null ]
236 verbose cache add spec object-assign@^4.0.1
237 silly cache add parsed spec Result {
237 silly cache add   raw: 'object-assign@^4.0.1',
237 silly cache add   scope: null,
237 silly cache add   name: 'object-assign',
237 silly cache add   rawSpec: '^4.0.1',
237 silly cache add   spec: '>=4.0.1 <5.0.0',
237 silly cache add   type: 'range' }
238 silly addNamed object-assign@>=4.0.1 <5.0.0
239 verbose addNamed ">=4.0.1 <5.0.0" is a valid semver range for object-assign
240 silly addNameRange { name: 'object-assign',
240 silly addNameRange   range: '>=4.0.1 <5.0.0',
240 silly addNameRange   hasData: false }
241 silly mapToRegistry name object-assign
242 silly mapToRegistry using default registry
243 silly mapToRegistry registry https://registry.npmjs.org/
244 silly mapToRegistry uri https://registry.npmjs.org/object-assign
245 verbose addNameRange registry:https://registry.npmjs.org/object-assign not in flight; fetching
246 silly cache add args [ 'postcss@^5.0.6', null ]
247 verbose cache add spec postcss@^5.0.6
248 silly cache add parsed spec Result {
248 silly cache add   raw: 'postcss@^5.0.6',
248 silly cache add   scope: null,
248 silly cache add   name: 'postcss',
248 silly cache add   rawSpec: '^5.0.6',
248 silly cache add   spec: '>=5.0.6 <6.0.0',
248 silly cache add   type: 'range' }
249 silly addNamed postcss@>=5.0.6 <6.0.0
250 verbose addNamed ">=5.0.6 <6.0.0" is a valid semver range for postcss
251 silly addNameRange { name: 'postcss', range: '>=5.0.6 <6.0.0', hasData: false }
252 silly mapToRegistry name postcss
253 silly mapToRegistry using default registry
254 silly mapToRegistry registry https://registry.npmjs.org/
255 silly mapToRegistry uri https://registry.npmjs.org/postcss
256 verbose addNameRange registry:https://registry.npmjs.org/postcss not in flight; fetching
257 silly cache add args [ 'postcss-modules-extract-imports@^1.0.0', null ]
258 verbose cache add spec postcss-modules-extract-imports@^1.0.0
259 silly cache add parsed spec Result {
259 silly cache add   raw: 'postcss-modules-extract-imports@^1.0.0',
259 silly cache add   scope: null,
259 silly cache add   name: 'postcss-modules-extract-imports',
259 silly cache add   rawSpec: '^1.0.0',
259 silly cache add   spec: '>=1.0.0 <2.0.0',
259 silly cache add   type: 'range' }
260 silly addNamed postcss-modules-extract-imports@>=1.0.0 <2.0.0
261 verbose addNamed ">=1.0.0 <2.0.0" is a valid semver range for postcss-modules-extract-imports
262 silly addNameRange { name: 'postcss-modules-extract-imports',
262 silly addNameRange   range: '>=1.0.0 <2.0.0',
262 silly addNameRange   hasData: false }
263 silly mapToRegistry name postcss-modules-extract-imports
264 silly mapToRegistry using default registry
265 silly mapToRegistry registry https://registry.npmjs.org/
266 silly mapToRegistry uri https://registry.npmjs.org/postcss-modules-extract-imports
267 verbose addNameRange registry:https://registry.npmjs.org/postcss-modules-extract-imports not in flight; fetching
268 silly cache add args [ 'postcss-modules-local-by-default@^1.0.1', null ]
269 verbose cache add spec postcss-modules-local-by-default@^1.0.1
270 silly cache add parsed spec Result {
270 silly cache add   raw: 'postcss-modules-local-by-default@^1.0.1',
270 silly cache add   scope: null,
270 silly cache add   name: 'postcss-modules-local-by-default',
270 silly cache add   rawSpec: '^1.0.1',
270 silly cache add   spec: '>=1.0.1 <2.0.0',
270 silly cache add   type: 'range' }
271 silly addNamed postcss-modules-local-by-default@>=1.0.1 <2.0.0
272 verbose addNamed ">=1.0.1 <2.0.0" is a valid semver range for postcss-modules-local-by-default
273 silly addNameRange { name: 'postcss-modules-local-by-default',
273 silly addNameRange   range: '>=1.0.1 <2.0.0',
273 silly addNameRange   hasData: false }
274 silly mapToRegistry name postcss-modules-local-by-default
275 silly mapToRegistry using default registry
276 silly mapToRegistry registry https://registry.npmjs.org/
277 silly mapToRegistry uri https://registry.npmjs.org/postcss-modules-local-by-default
278 verbose addNameRange registry:https://registry.npmjs.org/postcss-modules-local-by-default not in flight; fetching
279 silly cache add args [ 'postcss-modules-scope@^1.0.0', null ]
280 verbose cache add spec postcss-modules-scope@^1.0.0
281 silly cache add parsed spec Result {
281 silly cache add   raw: 'postcss-modules-scope@^1.0.0',
281 silly cache add   scope: null,
281 silly cache add   name: 'postcss-modules-scope',
281 silly cache add   rawSpec: '^1.0.0',
281 silly cache add   spec: '>=1.0.0 <2.0.0',
281 silly cache add   type: 'range' }
282 silly addNamed postcss-modules-scope@>=1.0.0 <2.0.0
283 verbose addNamed ">=1.0.0 <2.0.0" is a valid semver range for postcss-modules-scope
284 silly addNameRange { name: 'postcss-modules-scope',
284 silly addNameRange   range: '>=1.0.0 <2.0.0',
284 silly addNameRange   hasData: false }
285 silly mapToRegistry name postcss-modules-scope
286 silly mapToRegistry using default registry
287 silly mapToRegistry registry https://registry.npmjs.org/
288 silly mapToRegistry uri https://registry.npmjs.org/postcss-modules-scope
289 verbose addNameRange registry:https://registry.npmjs.org/postcss-modules-scope not in flight; fetching
290 silly cache add args [ 'postcss-modules-values@^1.1.0', null ]
291 verbose cache add spec postcss-modules-values@^1.1.0
292 silly cache add parsed spec Result {
292 silly cache add   raw: 'postcss-modules-values@^1.1.0',
292 silly cache add   scope: null,
292 silly cache add   name: 'postcss-modules-values',
292 silly cache add   rawSpec: '^1.1.0',
292 silly cache add   spec: '>=1.1.0 <2.0.0',
292 silly cache add   type: 'range' }
293 silly addNamed postcss-modules-values@>=1.1.0 <2.0.0
294 verbose addNamed ">=1.1.0 <2.0.0" is a valid semver range for postcss-modules-values
295 silly addNameRange { name: 'postcss-modules-values',
295 silly addNameRange   range: '>=1.1.0 <2.0.0',
295 silly addNameRange   hasData: false }
296 silly mapToRegistry name postcss-modules-values
297 silly mapToRegistry using default registry
298 silly mapToRegistry registry https://registry.npmjs.org/
299 silly mapToRegistry uri https://registry.npmjs.org/postcss-modules-values
300 verbose addNameRange registry:https://registry.npmjs.org/postcss-modules-values not in flight; fetching
301 silly cache add args [ 'source-list-map@^0.1.4', null ]
302 verbose cache add spec source-list-map@^0.1.4
303 silly cache add parsed spec Result {
303 silly cache add   raw: 'source-list-map@^0.1.4',
303 silly cache add   scope: null,
303 silly cache add   name: 'source-list-map',
303 silly cache add   rawSpec: '^0.1.4',
303 silly cache add   spec: '>=0.1.4 <0.2.0',
303 silly cache add   type: 'range' }
304 silly addNamed source-list-map@>=0.1.4 <0.2.0
305 verbose addNamed ">=0.1.4 <0.2.0" is a valid semver range for source-list-map
306 silly addNameRange { name: 'source-list-map',
306 silly addNameRange   range: '>=0.1.4 <0.2.0',
306 silly addNameRange   hasData: false }
307 silly mapToRegistry name source-list-map
308 silly mapToRegistry using default registry
309 silly mapToRegistry registry https://registry.npmjs.org/
310 silly mapToRegistry uri https://registry.npmjs.org/source-list-map
311 verbose addNameRange registry:https://registry.npmjs.org/source-list-map not in flight; fetching
312 verbose request uri https://registry.npmjs.org/babel-code-frame
313 verbose request no auth needed
314 info attempt registry request try #1 at 22:33:09
315 verbose etag "F5IG65ILLLSE3ZOTVITQ2G5SS"
316 http request GET https://registry.npmjs.org/babel-code-frame
317 verbose request uri https://registry.npmjs.org/object-assign
318 verbose request no auth needed
319 info attempt registry request try #1 at 22:33:09
320 verbose etag "4D7EXJRM1B41MV6J7MAEQGZI1"
321 http request GET https://registry.npmjs.org/object-assign
322 verbose request uri https://registry.npmjs.org/css-selector-tokenizer
323 verbose request no auth needed
324 info attempt registry request try #1 at 22:33:09
325 verbose etag "26YCW3MYELBJST6KX5LC85NLF"
326 http request GET https://registry.npmjs.org/css-selector-tokenizer
327 verbose request uri https://registry.npmjs.org/cssnano
328 verbose request no auth needed
329 info attempt registry request try #1 at 22:33:09
330 verbose etag "507POA8MLM1933DKP8BDMLWX1"
331 http request GET https://registry.npmjs.org/cssnano
332 verbose request uri https://registry.npmjs.org/lodash.camelcase
333 verbose request no auth needed
334 info attempt registry request try #1 at 22:33:09
335 verbose etag "75GRV30AXPQWP1OXCPAZU9UC6"
336 http request GET https://registry.npmjs.org/lodash.camelcase
337 verbose request uri https://registry.npmjs.org/postcss
338 verbose request no auth needed
339 info attempt registry request try #1 at 22:33:09
340 verbose etag "DC98ZT2FAPKESRLIQH0FM3I4B"
341 http request GET https://registry.npmjs.org/postcss
342 verbose request uri https://registry.npmjs.org/postcss-modules-extract-imports
343 verbose request no auth needed
344 info attempt registry request try #1 at 22:33:09
345 verbose etag "LBXHQ99CSD7F1E7XQMAP2XX3"
346 http request GET https://registry.npmjs.org/postcss-modules-extract-imports
347 verbose request uri https://registry.npmjs.org/source-list-map
348 verbose request no auth needed
349 info attempt registry request try #1 at 22:33:09
350 verbose etag "6I8QZEQN2WDSMQMIVSMAD4EJ3"
351 http request GET https://registry.npmjs.org/source-list-map
352 verbose request uri https://registry.npmjs.org/postcss-modules-local-by-default
353 verbose request no auth needed
354 info attempt registry request try #1 at 22:33:09
355 verbose etag "1I24QKT82V9XB6BXLMBBHX47I"
356 http request GET https://registry.npmjs.org/postcss-modules-local-by-default
357 verbose request uri https://registry.npmjs.org/postcss-modules-values
358 verbose request no auth needed
359 info attempt registry request try #1 at 22:33:09
360 verbose etag "9T8K8H3TGP1OI5Z28FDILVII5"
361 http request GET https://registry.npmjs.org/postcss-modules-values
362 verbose request uri https://registry.npmjs.org/postcss-modules-scope
363 verbose request no auth needed
364 info attempt registry request try #1 at 22:33:09
365 verbose etag "AJEV2FBCV38J6WAU57Q0IDADV"
366 http request GET https://registry.npmjs.org/postcss-modules-scope
367 http 304 https://registry.npmjs.org/loader-utils
368 verbose headers { date: 'Sun, 16 Oct 2016 14:33:22 GMT',
368 verbose headers   via: '1.1 varnish',
368 verbose headers   'cache-control': 'max-age=300',
368 verbose headers   etag: '"2WXFLHDRLDC7J6YN92QPHJP6K"',
368 verbose headers   age: '82',
368 verbose headers   connection: 'keep-alive',
368 verbose headers   'x-served-by': 'cache-lcy1127-LCY',
368 verbose headers   'x-cache': 'HIT',
368 verbose headers   'x-cache-hits': '2',
368 verbose headers   'x-timer': 'S1476628402.247446,VS0,VE0',
368 verbose headers   vary: 'Accept-Encoding' }
369 silly get cb [ 304,
369 silly get   { date: 'Sun, 16 Oct 2016 14:33:22 GMT',
369 silly get     via: '1.1 varnish',
369 silly get     'cache-control': 'max-age=300',
369 silly get     etag: '"2WXFLHDRLDC7J6YN92QPHJP6K"',
369 silly get     age: '82',
369 silly get     connection: 'keep-alive',
369 silly get     'x-served-by': 'cache-lcy1127-LCY',
369 silly get     'x-cache': 'HIT',
369 silly get     'x-cache-hits': '2',
369 silly get     'x-timer': 'S1476628402.247446,VS0,VE0',
369 silly get     vary: 'Accept-Encoding' } ]
370 verbose etag https://registry.npmjs.org/loader-utils from cache
371 verbose get saving loader-utils to C:\Users\Administrator\AppData\Roaming\npm-cache\registry.npmjs.org\loader-utils\.cache.json
372 silly addNameRange number 2 { name: 'loader-utils', range: '>=0.2.7 <0.3.0', hasData: true }
373 silly addNameRange versions [ 'loader-utils',
373 silly addNameRange   [ '0.1.0',
373 silly addNameRange     '0.1.1',
373 silly addNameRange     '0.1.2',
373 silly addNameRange     '0.2.0',
373 silly addNameRange     '0.2.1',
373 silly addNameRange     '0.2.2',
373 silly addNameRange     '0.2.3',
373 silly addNameRange     '0.2.4',
373 silly addNameRange     '0.2.5',
373 silly addNameRange     '0.2.6',
373 silly addNameRange     '0.2.7',
373 silly addNameRange     '0.2.8',
373 silly addNameRange     '0.2.9',
373 silly addNameRange     '0.2.10',
373 silly addNameRange     '0.2.11',
373 silly addNameRange     '0.2.12',
373 silly addNameRange     '0.2.13',
373 silly addNameRange     '0.2.14',
373 silly addNameRange     '0.2.15',
373 silly addNameRange     '0.2.16' ] ]
374 silly addNamed loader-utils@0.2.16
375 verbose addNamed "0.2.16" is a plain semver version for loader-utils
376 silly addNameRange number 2 { name: 'loader-utils', range: '>=0.2.2 <0.3.0', hasData: true }
377 silly addNameRange versions [ 'loader-utils',
377 silly addNameRange   [ '0.1.0',
377 silly addNameRange     '0.1.1',
377 silly addNameRange     '0.1.2',
377 silly addNameRange     '0.2.0',
377 silly addNameRange     '0.2.1',
377 silly addNameRange     '0.2.2',
377 silly addNameRange     '0.2.3',
377 silly addNameRange     '0.2.4',
377 silly addNameRange     '0.2.5',
377 silly addNameRange     '0.2.6',
377 silly addNameRange     '0.2.7',
377 silly addNameRange     '0.2.8',
377 silly addNameRange     '0.2.9',
377 silly addNameRange     '0.2.10',
377 silly addNameRange     '0.2.11',
377 silly addNameRange     '0.2.12',
377 silly addNameRange     '0.2.13',
377 silly addNameRange     '0.2.14',
377 silly addNameRange     '0.2.15',
377 silly addNameRange     '0.2.16' ] ]
378 silly addNamed loader-utils@0.2.16
379 verbose addNamed "0.2.16" is a plain semver version for loader-utils
380 silly cache afterAdd loader-utils@0.2.16
381 verbose afterAdd C:\Users\Administrator\AppData\Roaming\npm-cache\loader-utils\0.2.16\package\package.json not in flight; writing
382 silly cache afterAdd loader-utils@0.2.16
383 verbose afterAdd C:\Users\Administrator\AppData\Roaming\npm-cache\loader-utils\0.2.16\package\package.json already in flight; not writing
384 verbose afterAdd C:\Users\Administrator\AppData\Roaming\npm-cache\loader-utils\0.2.16\package\package.json written
385 silly install resolved [ { name: 'loader-utils',
385 silly install resolved     version: '0.2.16',
385 silly install resolved     author: { name: 'Tobias Koppers @sokra' },
385 silly install resolved     description: 'utils for webpack loaders',
385 silly install resolved     dependencies:
385 silly install resolved      { 'big.js': '^3.1.3',
385 silly install resolved        'emojis-list': '^2.0.0',
385 silly install resolved        json5: '^0.5.0',
385 silly install resolved        'object-assign': '^4.0.1' },
385 silly install resolved     scripts:
385 silly install resolved      { test: 'mocha',
385 silly install resolved        travis: 'npm run cover -- --report lcovonly',
385 silly install resolved        cover: 'istanbul cover -x *.runtime.js node_modules/mocha/bin/_mocha',
385 silly install resolved        'publish-patch': 'mocha && npm version patch && git push && git push --tags && npm publish' },
385 silly install resolved     license: 'MIT',
385 silly install resolved     repository:
385 silly install resolved      { type: 'git',
385 silly install resolved        url: 'git+https://github.com/webpack/loader-utils.git' },
385 silly install resolved     devDependencies: { coveralls: '^2.11.2', istanbul: '^0.3.14', mocha: '^1.21.4' },
385 silly install resolved     files: [ 'index.js' ],
385 silly install resolved     gitHead: '4ea2dfbfe03e3ca70576aff5fe5e4a4235232591',
385 silly install resolved     bugs: { url: 'https://github.com/webpack/loader-utils/issues' },
385 silly install resolved     homepage: 'https://github.com/webpack/loader-utils#readme',
385 silly install resolved     _id: 'loader-utils@0.2.16',
385 silly install resolved     _shasum: 'f08632066ed8282835dff88dfb52704765adee6d',
385 silly install resolved     _from: 'loader-utils@>=0.2.7 <0.3.0',
385 silly install resolved     _npmVersion: '3.3.3',
385 silly install resolved     _nodeVersion: '6.3.1',
385 silly install resolved     _npmUser: { name: 'sokra', email: 'tobias.koppers@googlemail.com' },
385 silly install resolved     dist:
385 silly install resolved      { shasum: 'f08632066ed8282835dff88dfb52704765adee6d',
385 silly install resolved        tarball: 'https://registry.npmjs.org/loader-utils/-/loader-utils-0.2.16.tgz' },
385 silly install resolved     maintainers: [ [Object] ],
385 silly install resolved     _npmOperationalInternal:
385 silly install resolved      { host: 'packages-16-east.internal.npmjs.com',
385 silly install resolved        tmp: 'tmp/loader-utils-0.2.16.tgz_1473890187319_0.20624244073405862' },
385 silly install resolved     directories: {},
385 silly install resolved     _resolved: 'https://registry.npmjs.org/loader-utils/-/loader-utils-0.2.16.tgz',
385 silly install resolved     readme: 'ERROR: No README data found!' } ]
386 info install loader-utils@0.2.16 into E:\www\form-ui\node_modules\style-loader
387 info installOne loader-utils@0.2.16
388 verbose installOne of loader-utils to E:\www\form-ui\node_modules\style-loader not in flight; installing
389 verbose lock using C:\Users\Administrator\AppData\Roaming\npm-cache\_locks\loader-utils-4fbc818d49190705.lock for E:\www\form-ui\node_modules\style-loader\node_modules\loader-utils
390 silly install write writing loader-utils 0.2.16 to E:\www\form-ui\node_modules\style-loader\node_modules\loader-utils
391 verbose unbuild node_modules\style-loader\node_modules\loader-utils
392 silly gentlyRm E:\www\form-ui\node_modules\style-loader\node_modules\loader-utils is being purged from base E:\www\form-ui
393 verbose gentlyRm don't care about contents; nuking E:\www\form-ui\node_modules\style-loader\node_modules\loader-utils
394 verbose tar unpack C:\Users\Administrator\AppData\Roaming\npm-cache\loader-utils\0.2.16\package.tgz
395 verbose tar unpacking to E:\www\form-ui\node_modules\style-loader\node_modules\loader-utils
396 silly gentlyRm E:\www\form-ui\node_modules\style-loader\node_modules\loader-utils is being purged
397 verbose gentlyRm don't care about contents; nuking E:\www\form-ui\node_modules\style-loader\node_modules\loader-utils
398 silly gunzTarPerm modes [ '777', '666' ]
399 silly gunzTarPerm extractEntry package.json
400 silly gunzTarPerm extractEntry LICENSE
401 silly gunzTarPerm extractEntry index.js
402 verbose write writing to E:\www\form-ui\node_modules\style-loader\node_modules\loader-utils\package.json
403 info preinstall loader-utils@0.2.16
404 verbose readDependencies loading dependencies from E:\www\form-ui\node_modules\style-loader\node_modules\loader-utils\package.json
405 silly prepareForInstallMany adding big.js@^3.1.3 from loader-utils dependencies
406 silly prepareForInstallMany adding emojis-list@^2.0.0 from loader-utils dependencies
407 silly prepareForInstallMany adding json5@^0.5.0 from loader-utils dependencies
408 silly prepareForInstallMany adding object-assign@^4.0.1 from loader-utils dependencies
409 verbose readDependencies loading dependencies from E:\www\form-ui\node_modules\style-loader\node_modules\loader-utils\package.json
410 silly cache add args [ 'big.js@^3.1.3', null ]
411 verbose cache add spec big.js@^3.1.3
412 silly cache add args [ 'emojis-list@^2.0.0', null ]
413 verbose cache add spec emojis-list@^2.0.0
414 silly cache add parsed spec Result {
414 silly cache add   raw: 'big.js@^3.1.3',
414 silly cache add   scope: null,
414 silly cache add   name: 'big.js',
414 silly cache add   rawSpec: '^3.1.3',
414 silly cache add   spec: '>=3.1.3 <4.0.0',
414 silly cache add   type: 'range' }
415 silly addNamed big.js@>=3.1.3 <4.0.0
416 verbose addNamed ">=3.1.3 <4.0.0" is a valid semver range for big.js
417 silly addNameRange { name: 'big.js', range: '>=3.1.3 <4.0.0', hasData: false }
418 silly mapToRegistry name big.js
419 silly mapToRegistry using default registry
420 silly mapToRegistry registry https://registry.npmjs.org/
421 silly mapToRegistry uri https://registry.npmjs.org/big.js
422 verbose addNameRange registry:https://registry.npmjs.org/big.js not in flight; fetching
423 silly cache add parsed spec Result {
423 silly cache add   raw: 'emojis-list@^2.0.0',
423 silly cache add   scope: null,
423 silly cache add   name: 'emojis-list',
423 silly cache add   rawSpec: '^2.0.0',
423 silly cache add   spec: '>=2.0.0 <3.0.0',
423 silly cache add   type: 'range' }
424 silly addNamed emojis-list@>=2.0.0 <3.0.0
425 verbose addNamed ">=2.0.0 <3.0.0" is a valid semver range for emojis-list
426 silly addNameRange { name: 'emojis-list', range: '>=2.0.0 <3.0.0', hasData: false }
427 silly mapToRegistry name emojis-list
428 silly mapToRegistry using default registry
429 silly mapToRegistry registry https://registry.npmjs.org/
430 silly mapToRegistry uri https://registry.npmjs.org/emojis-list
431 verbose addNameRange registry:https://registry.npmjs.org/emojis-list not in flight; fetching
432 silly cache add args [ 'json5@^0.5.0', null ]
433 verbose cache add spec json5@^0.5.0
434 silly cache add parsed spec Result {
434 silly cache add   raw: 'json5@^0.5.0',
434 silly cache add   scope: null,
434 silly cache add   name: 'json5',
434 silly cache add   rawSpec: '^0.5.0',
434 silly cache add   spec: '>=0.5.0 <0.6.0',
434 silly cache add   type: 'range' }
435 silly addNamed json5@>=0.5.0 <0.6.0
436 verbose addNamed ">=0.5.0 <0.6.0" is a valid semver range for json5
437 silly addNameRange { name: 'json5', range: '>=0.5.0 <0.6.0', hasData: false }
438 silly mapToRegistry name json5
439 silly mapToRegistry using default registry
440 silly mapToRegistry registry https://registry.npmjs.org/
441 silly mapToRegistry uri https://registry.npmjs.org/json5
442 verbose addNameRange registry:https://registry.npmjs.org/json5 not in flight; fetching
443 silly cache add args [ 'object-assign@^4.0.1', null ]
444 verbose cache add spec object-assign@^4.0.1
445 silly cache add parsed spec Result {
445 silly cache add   raw: 'object-assign@^4.0.1',
445 silly cache add   scope: null,
445 silly cache add   name: 'object-assign',
445 silly cache add   rawSpec: '^4.0.1',
445 silly cache add   spec: '>=4.0.1 <5.0.0',
445 silly cache add   type: 'range' }
446 silly addNamed object-assign@>=4.0.1 <5.0.0
447 verbose addNamed ">=4.0.1 <5.0.0" is a valid semver range for object-assign
448 silly addNameRange { name: 'object-assign',
448 silly addNameRange   range: '>=4.0.1 <5.0.0',
448 silly addNameRange   hasData: false }
449 silly mapToRegistry name object-assign
450 silly mapToRegistry using default registry
451 silly mapToRegistry registry https://registry.npmjs.org/
452 silly mapToRegistry uri https://registry.npmjs.org/object-assign
453 verbose addNameRange registry:https://registry.npmjs.org/object-assign already in flight; waiting
454 verbose request uri https://registry.npmjs.org/emojis-list
455 verbose request no auth needed
456 info attempt registry request try #1 at 22:33:22
457 verbose etag "AKZ9VDO37P4WJ47U4Q6KIC1ZO"
458 http request GET https://registry.npmjs.org/emojis-list
459 verbose request uri https://registry.npmjs.org/json5
460 verbose request no auth needed
461 info attempt registry request try #1 at 22:33:22
462 verbose etag "B5WHN08ZBUNN2W5URB1Z7QHWM"
463 http request GET https://registry.npmjs.org/json5
464 verbose request uri https://registry.npmjs.org/big.js
465 verbose request no auth needed
466 info attempt registry request try #1 at 22:33:22
467 verbose etag "DJZ7VK1GW0V84QAVPNRVS4YKK"
468 http request GET https://registry.npmjs.org/big.js
469 http 304 https://registry.npmjs.org/emojis-list
470 verbose headers { date: 'Sun, 16 Oct 2016 14:33:26 GMT',
470 verbose headers   via: '1.1 varnish',
470 verbose headers   'cache-control': 'max-age=300',
470 verbose headers   etag: '"AKZ9VDO37P4WJ47U4Q6KIC1ZO"',
470 verbose headers   age: '17',
470 verbose headers   connection: 'keep-alive',
470 verbose headers   'x-served-by': 'cache-lcy1129-LCY',
470 verbose headers   'x-cache': 'HIT',
470 verbose headers   'x-cache-hits': '1',
470 verbose headers   'x-timer': 'S1476628406.952607,VS0,VE0',
470 verbose headers   vary: 'Accept-Encoding' }
471 silly get cb [ 304,
471 silly get   { date: 'Sun, 16 Oct 2016 14:33:26 GMT',
471 silly get     via: '1.1 varnish',
471 silly get     'cache-control': 'max-age=300',
471 silly get     etag: '"AKZ9VDO37P4WJ47U4Q6KIC1ZO"',
471 silly get     age: '17',
471 silly get     connection: 'keep-alive',
471 silly get     'x-served-by': 'cache-lcy1129-LCY',
471 silly get     'x-cache': 'HIT',
471 silly get     'x-cache-hits': '1',
471 silly get     'x-timer': 'S1476628406.952607,VS0,VE0',
471 silly get     vary: 'Accept-Encoding' } ]
472 verbose etag https://registry.npmjs.org/emojis-list from cache
473 verbose get saving emojis-list to C:\Users\Administrator\AppData\Roaming\npm-cache\registry.npmjs.org\emojis-list\.cache.json
474 http 304 https://registry.npmjs.org/json5
475 verbose headers { date: 'Sun, 16 Oct 2016 14:33:26 GMT',
475 verbose headers   via: '1.1 varnish',
475 verbose headers   'cache-control': 'max-age=300',
475 verbose headers   etag: '"B5WHN08ZBUNN2W5URB1Z7QHWM"',
475 verbose headers   age: '99',
475 verbose headers   connection: 'keep-alive',
475 verbose headers   'x-served-by': 'cache-lcy1124-LCY',
475 verbose headers   'x-cache': 'HIT',
475 verbose headers   'x-cache-hits': '96',
475 verbose headers   'x-timer': 'S1476628406.952982,VS0,VE0',
475 verbose headers   vary: 'Accept-Encoding' }
476 silly get cb [ 304,
476 silly get   { date: 'Sun, 16 Oct 2016 14:33:26 GMT',
476 silly get     via: '1.1 varnish',
476 silly get     'cache-control': 'max-age=300',
476 silly get     etag: '"B5WHN08ZBUNN2W5URB1Z7QHWM"',
476 silly get     age: '99',
476 silly get     connection: 'keep-alive',
476 silly get     'x-served-by': 'cache-lcy1124-LCY',
476 silly get     'x-cache': 'HIT',
476 silly get     'x-cache-hits': '96',
476 silly get     'x-timer': 'S1476628406.952982,VS0,VE0',
476 silly get     vary: 'Accept-Encoding' } ]
477 verbose etag https://registry.npmjs.org/json5 from cache
478 verbose get saving json5 to C:\Users\Administrator\AppData\Roaming\npm-cache\registry.npmjs.org\json5\.cache.json
479 silly addNameRange number 2 { name: 'emojis-list', range: '>=2.0.0 <3.0.0', hasData: true }
480 silly addNameRange versions [ 'emojis-list',
480 silly addNameRange   [ '1.0.0', '1.0.1', '1.0.2', '1.0.3', '2.0.0', '2.0.1', '2.1.0' ] ]
481 silly addNamed emojis-list@2.1.0
482 verbose addNamed "2.1.0" is a plain semver version for emojis-list
483 silly addNameRange number 2 { name: 'json5', range: '>=0.5.0 <0.6.0', hasData: true }
484 silly addNameRange versions [ 'json5',
484 silly addNameRange   [ '0.0.0', '0.0.1', '0.1.0', '0.2.0', '0.4.0', '0.5.0' ] ]
485 silly addNamed json5@0.5.0
486 verbose addNamed "0.5.0" is a plain semver version for json5
487 silly cache afterAdd emojis-list@2.1.0
488 verbose afterAdd C:\Users\Administrator\AppData\Roaming\npm-cache\emojis-list\2.1.0\package\package.json not in flight; writing
489 silly cache afterAdd json5@0.5.0
490 verbose afterAdd C:\Users\Administrator\AppData\Roaming\npm-cache\json5\0.5.0\package\package.json not in flight; writing
491 verbose afterAdd C:\Users\Administrator\AppData\Roaming\npm-cache\emojis-list\2.1.0\package\package.json written
492 verbose afterAdd C:\Users\Administrator\AppData\Roaming\npm-cache\json5\0.5.0\package\package.json written
493 info retry will retry, error on last attempt: Error: connect ETIMEDOUT 151.101.16.162:443
494 info retry will retry, error on last attempt: Error: connect ETIMEDOUT 151.101.16.162:443
495 info retry will retry, error on last attempt: Error: connect ETIMEDOUT 151.101.16.162:443
496 info retry will retry, error on last attempt: Error: connect ETIMEDOUT 151.101.16.162:443
497 info retry will retry, error on last attempt: Error: connect ETIMEDOUT 151.101.16.162:443
498 info retry will retry, error on last attempt: Error: connect ETIMEDOUT 151.101.16.162:443
499 info retry will retry, error on last attempt: Error: connect ETIMEDOUT 151.101.16.162:443
500 info retry will retry, error on last attempt: Error: connect ETIMEDOUT 151.101.16.162:443
501 info retry will retry, error on last attempt: Error: connect ETIMEDOUT 151.101.16.162:443
502 info retry will retry, error on last attempt: Error: connect ETIMEDOUT 151.101.16.162:443
503 info retry will retry, error on last attempt: Error: connect ETIMEDOUT 151.101.16.162:443
504 info attempt registry request try #2 at 22:33:40
505 verbose etag "F5IG65ILLLSE3ZOTVITQ2G5SS"
506 http request GET https://registry.npmjs.org/babel-code-frame
507 info attempt registry request try #2 at 22:33:40
508 verbose etag "507POA8MLM1933DKP8BDMLWX1"
509 http request GET https://registry.npmjs.org/cssnano
510 info attempt registry request try #2 at 22:33:40
511 verbose etag "75GRV30AXPQWP1OXCPAZU9UC6"
512 http request GET https://registry.npmjs.org/lodash.camelcase
513 info attempt registry request try #2 at 22:33:40
514 verbose etag "4D7EXJRM1B41MV6J7MAEQGZI1"
515 http request GET https://registry.npmjs.org/object-assign
516 info attempt registry request try #2 at 22:33:40
517 verbose etag "26YCW3MYELBJST6KX5LC85NLF"
518 http request GET https://registry.npmjs.org/css-selector-tokenizer
519 info attempt registry request try #2 at 22:33:40
520 verbose etag "6I8QZEQN2WDSMQMIVSMAD4EJ3"
521 http request GET https://registry.npmjs.org/source-list-map
522 info attempt registry request try #2 at 22:33:40
523 verbose etag "1I24QKT82V9XB6BXLMBBHX47I"
524 http request GET https://registry.npmjs.org/postcss-modules-local-by-default
525 info attempt registry request try #2 at 22:33:40
526 verbose etag "9T8K8H3TGP1OI5Z28FDILVII5"
527 http request GET https://registry.npmjs.org/postcss-modules-values
528 info attempt registry request try #2 at 22:33:40
529 verbose etag "AJEV2FBCV38J6WAU57Q0IDADV"
530 http request GET https://registry.npmjs.org/postcss-modules-scope
531 info attempt registry request try #2 at 22:33:40
532 verbose etag "DC98ZT2FAPKESRLIQH0FM3I4B"
533 http request GET https://registry.npmjs.org/postcss
534 info attempt registry request try #2 at 22:33:40
535 verbose etag "LBXHQ99CSD7F1E7XQMAP2XX3"
536 http request GET https://registry.npmjs.org/postcss-modules-extract-imports
537 http 304 https://registry.npmjs.org/babel-code-frame
538 verbose headers { date: 'Sun, 16 Oct 2016 14:33:42 GMT',
538 verbose headers   via: '1.1 varnish',
538 verbose headers   'cache-control': 'max-age=300',
538 verbose headers   etag: '"F5IG65ILLLSE3ZOTVITQ2G5SS"',
538 verbose headers   age: '200',
538 verbose headers   connection: 'keep-alive',
538 verbose headers   'x-served-by': 'cache-lcy1129-LCY',
538 verbose headers   'x-cache': 'HIT',
538 verbose headers   'x-cache-hits': '2',
538 verbose headers   'x-timer': 'S1476628422.299344,VS0,VE0',
538 verbose headers   vary: 'Accept-Encoding' }
539 silly get cb [ 304,
539 silly get   { date: 'Sun, 16 Oct 2016 14:33:42 GMT',
539 silly get     via: '1.1 varnish',
539 silly get     'cache-control': 'max-age=300',
539 silly get     etag: '"F5IG65ILLLSE3ZOTVITQ2G5SS"',
539 silly get     age: '200',
539 silly get     connection: 'keep-alive',
539 silly get     'x-served-by': 'cache-lcy1129-LCY',
539 silly get     'x-cache': 'HIT',
539 silly get     'x-cache-hits': '2',
539 silly get     'x-timer': 'S1476628422.299344,VS0,VE0',
539 silly get     vary: 'Accept-Encoding' } ]
540 verbose etag https://registry.npmjs.org/babel-code-frame from cache
541 verbose get saving babel-code-frame to C:\Users\Administrator\AppData\Roaming\npm-cache\registry.npmjs.org\babel-code-frame\.cache.json
542 silly addNameRange number 2 { name: 'babel-code-frame',
542 silly addNameRange   range: '>=6.11.0 <7.0.0',
542 silly addNameRange   hasData: true }
543 silly addNameRange versions [ 'babel-code-frame',
543 silly addNameRange   [ '6.0.0',
543 silly addNameRange     '6.0.2',
543 silly addNameRange     '6.0.12',
543 silly addNameRange     '6.0.14',
543 silly addNameRange     '6.0.15',
543 silly addNameRange     '6.1.4',
543 silly addNameRange     '6.1.5',
543 silly addNameRange     '6.1.6',
543 silly addNameRange     '6.1.7',
543 silly addNameRange     '6.1.8',
543 silly addNameRange     '6.1.9',
543 silly addNameRange     '6.1.10',
543 silly addNameRange     '6.1.11',
543 silly addNameRange     '6.1.12',
543 silly addNameRange     '6.1.13',
543 silly addNameRange     '6.1.14',
543 silly addNameRange     '6.1.15',
543 silly addNameRange     '6.1.16',
543 silly addNameRange     '6.1.17',
543 silly addNameRange     '6.1.18',
543 silly addNameRange     '6.2.4',
543 silly addNameRange     '6.3.13',
543 silly addNameRange     '6.5.0',
543 silly addNameRange     '6.5.0-1',
543 silly addNameRange     '6.6.0',
543 silly addNameRange     '6.6.5',
543 silly addNameRange     '6.7.2',
543 silly addNameRange     '6.7.3',
543 silly addNameRange     '6.7.4',
543 silly addNameRange     '6.7.5',
543 silly addNameRange     '6.7.7',
543 silly addNameRange     '6.8.0',
543 silly addNameRange     '6.11.0',
543 silly addNameRange     '6.16.0' ] ]
544 silly addNamed babel-code-frame@6.16.0
545 verbose addNamed "6.16.0" is a plain semver version for babel-code-frame
546 silly cache afterAdd babel-code-frame@6.16.0
547 verbose afterAdd C:\Users\Administrator\AppData\Roaming\npm-cache\babel-code-frame\6.16.0\package\package.json not in flight; writing
548 verbose afterAdd C:\Users\Administrator\AppData\Roaming\npm-cache\babel-code-frame\6.16.0\package\package.json written
549 verbose stack Error: read ECONNRESET
549 verbose stack     at exports._errnoException (util.js:870:11)
549 verbose stack     at TLSWrap.onread (net.js:544:26)
550 verbose cwd E:\www\form-ui
551 error Windows_NT 10.0.14393
552 error argv "C:\\Program Files\\nodejs\\node.exe" "C:\\Program Files\\nodejs\\node_modules\\npm\\bin\\npm-cli.js" "install" "style-loader" "css-loader" "--save-dev"
553 error node v4.3.1
554 error npm  v2.14.12
555 error code ECONNRESET
556 error errno ECONNRESET
557 error syscall read
558 error network read ECONNRESET
558 error network This is most likely not a problem with npm itself
558 error network and is related to network connectivity.
558 error network In most cases you are behind a proxy or have bad network settings.
558 error network
558 error network If you are behind a proxy, please make sure that the
558 error network 'proxy' config is set properly.  See: 'npm help config'
559 verbose exit [ 1, true ]
